# JRE version: OpenJDK Runtime Environment (11.0.8+10) (build 11.0.8+10-b944.6842174)
# Java VM: OpenJDK 64-Bit Server VM (11.0.8+10-b944.6842174, mixed mode, tiered, compressed oops, g1 gc, windows-amd64)
Heap:
 garbage-first heap   total 524288K, used 190851K [0x00000000e0000000, 0x0000000100000000)
  region size 1024K, 10 young (10240K), 10 survivors (10240K)
 Metaspace       used 133858K, capacity 136249K, committed 137344K, reserved 1179648K
  class space    used 17328K, capacity 18279K, committed 18560K, reserved 1048576K
GC Heap History (20 events):
Event: 357.297 GC heap before
{Heap before GC invocations=359 (full 0):
 garbage-first heap   total 524288K, used 524288K [0x00000000e0000000, 0x0000000100000000)
  region size 1024K, 16 young (16384K), 1 survivors (1024K)
 Metaspace       used 116527K, capacity 118920K, committed 120064K, reserved 1155072K
  class space    used 14069K, capacity 14992K, committed 15360K, reserved 1048576K
}
Event: 357.337 GC heap after
{Heap after GC invocations=360 (full 0):
 garbage-first heap   total 524288K, used 524288K [0x00000000e0000000, 0x0000000100000000)
  region size 1024K, 0 young (0K), 0 survivors (0K)
 Metaspace       used 116527K, capacity 118920K, committed 120064K, reserved 1155072K
  class space    used 14069K, capacity 14992K, committed 15360K, reserved 1048576K
}
Event: 357.368 GC heap before
{Heap before GC invocations=360 (full 0):
 garbage-first heap   total 524288K, used 524288K [0x00000000e0000000, 0x0000000100000000)
  region size 1024K, 0 young (0K), 0 survivors (0K)
 Metaspace       used 116527K, capacity 118920K, committed 120064K, reserved 1155072K
  class space    used 14069K, capacity 14992K, committed 15360K, reserved 1048576K
}
Event: 358.396 GC heap after
{Heap after GC invocations=361 (full 1):
 garbage-first heap   total 524288K, used 385340K [0x00000000e0000000, 0x0000000100000000)
  region size 1024K, 0 young (0K), 0 survivors (0K)
 Metaspace       used 116219K, capacity 118445K, committed 120064K, reserved 1155072K
  class space    used 14019K, capacity 14898K, committed 15360K, reserved 1048576K
}
Event: 358.802 GC heap before
{Heap before GC invocations=361 (full 1):
 garbage-first heap   total 524288K, used 424252K [0x00000000e0000000, 0x0000000100000000)
  region size 1024K, 38 young (38912K), 0 survivors (0K)
 Metaspace       used 116232K, capacity 118447K, committed 120064K, reserved 1155072K
  class space    used 14019K, capacity 14898K, committed 15360K, reserved 1048576K
}
Event: 358.806 GC heap after
{Heap after GC invocations=362 (full 1):
 garbage-first heap   total 524288K, used 386127K [0x00000000e0000000, 0x0000000100000000)
  region size 1024K, 1 young (1024K), 1 survivors (1024K)
 Metaspace       used 116232K, capacity 118447K, committed 120064K, reserved 1155072K
  class space    used 14019K, capacity 14898K, committed 15360K, reserved 1048576K
}
Event: 476.299 GC heap before
{Heap before GC invocations=362 (full 1):
 garbage-first heap   total 524288K, used 427087K [0x00000000e0000000, 0x0000000100000000)
  region size 1024K, 42 young (43008K), 1 survivors (1024K)
 Metaspace       used 116769K, capacity 119052K, committed 120576K, reserved 1155072K
  class space    used 14076K, capacity 14978K, committed 15360K, reserved 1048576K
}
Event: 476.312 GC heap after
{Heap after GC invocations=363 (full 1):
 garbage-first heap   total 524288K, used 389694K [0x00000000e0000000, 0x0000000100000000)
  region size 1024K, 5 young (5120K), 5 survivors (5120K)
 Metaspace       used 116769K, capacity 119052K, committed 120576K, reserved 1155072K
  class space    used 14076K, capacity 14978K, committed 15360K, reserved 1048576K
}
Event: 477.446 GC heap before
{Heap before GC invocations=363 (full 1):
 garbage-first heap   total 524288K, used 431678K [0x00000000e0000000, 0x0000000100000000)
  region size 1024K, 46 young (47104K), 5 survivors (5120K)
 Metaspace       used 116843K, capacity 119116K, committed 120576K, reserved 1155072K
  class space    used 14084K, capacity 14978K, committed 15360K, reserved 1048576K
}
Event: 477.477 GC heap after
{Heap after GC invocations=364 (full 1):
 garbage-first heap   total 524288K, used 397663K [0x00000000e0000000, 0x0000000100000000)
  region size 1024K, 6 young (6144K), 6 survivors (6144K)
 Metaspace       used 116843K, capacity 119116K, committed 120576K, reserved 1155072K
  class space    used 14084K, capacity 14978K, committed 15360K, reserved 1048576K
}
Event: 477.927 GC heap before
{Heap before GC invocations=364 (full 1):
 garbage-first heap   total 524288K, used 349838K [0x00000000e0000000, 0x0000000100000000)
  region size 1024K, 45 young (46080K), 6 survivors (6144K)
 Metaspace       used 117242K, capacity 119500K, committed 120832K, reserved 1155072K
  class space    used 14106K, capacity 14978K, committed 15360K, reserved 1048576K
}
Event: 477.952 GC heap after
{Heap after GC invocations=365 (full 1):
 garbage-first heap   total 524288K, used 315257K [0x00000000e0000000, 0x0000000100000000)
  region size 1024K, 6 young (6144K), 6 survivors (6144K)
 Metaspace       used 117242K, capacity 119500K, committed 120832K, reserved 1155072K
  class space    used 14106K, capacity 14978K, committed 15360K, reserved 1048576K
}
Event: 479.277 GC heap before
{Heap before GC invocations=366 (full 1):
 garbage-first heap   total 524288K, used 403321K [0x00000000e0000000, 0x0000000100000000)
  region size 1024K, 79 young (80896K), 6 survivors (6144K)
 Metaspace       used 117312K, capacity 119611K, committed 121088K, reserved 1155072K
  class space    used 14110K, capacity 15013K, committed 15360K, reserved 1048576K
}
Event: 479.311 GC heap after
{Heap after GC invocations=367 (full 1):
 garbage-first heap   total 524288K, used 317292K [0x00000000e0000000, 0x0000000100000000)
  region size 1024K, 8 young (8192K), 8 survivors (8192K)
 Metaspace       used 117312K, capacity 119611K, committed 121088K, reserved 1155072K
  class space    used 14110K, capacity 15013K, committed 15360K, reserved 1048576K
}
Event: 479.454 GC heap before
{Heap before GC invocations=367 (full 1):
 garbage-first heap   total 524288K, used 333676K [0x00000000e0000000, 0x0000000100000000)
  region size 1024K, 25 young (25600K), 8 survivors (8192K)
 Metaspace       used 117312K, capacity 119611K, committed 121088K, reserved 1155072K
  class space    used 14110K, capacity 15013K, committed 15360K, reserved 1048576K
}
Event: 479.537 GC heap after
{Heap after GC invocations=368 (full 1):
 garbage-first heap   total 524288K, used 290241K [0x00000000e0000000, 0x0000000100000000)
  region size 1024K, 2 young (2048K), 2 survivors (2048K)
 Metaspace       used 117312K, capacity 119611K, committed 121088K, reserved 1155072K
  class space    used 14110K, capacity 15013K, committed 15360K, reserved 1048576K
}
Event: 522.740 GC heap before
{Heap before GC invocations=368 (full 1):
 garbage-first heap   total 524288K, used 399809K [0x00000000e0000000, 0x0000000100000000)
  region size 1024K, 110 young (112640K), 2 survivors (2048K)
 Metaspace       used 127765K, capacity 130130K, committed 131328K, reserved 1163264K
  class space    used 16398K, capacity 17370K, committed 17664K, reserved 1048576K
}
Event: 522.805 GC heap after
{Heap after GC invocations=369 (full 1):
 garbage-first heap   total 524288K, used 296471K [0x00000000e0000000, 0x0000000100000000)
  region size 1024K, 8 young (8192K), 8 survivors (8192K)
 Metaspace       used 127765K, capacity 130130K, committed 131328K, reserved 1163264K
  class space    used 16398K, capacity 17370K, committed 17664K, reserved 1048576K
}
Event: 528.212 GC heap before
{Heap before GC invocations=370 (full 1):
 garbage-first heap   total 524288K, used 221728K [0x00000000e0000000, 0x0000000100000000)
  region size 1024K, 42 young (43008K), 8 survivors (8192K)
 Metaspace       used 133858K, capacity 136249K, committed 137344K, reserved 1177600K
  class space    used 17328K, capacity 18279K, committed 18560K, reserved 1048576K
}
Event: 528.236 GC heap after
{Heap after GC invocations=371 (full 1):
 garbage-first heap   total 524288K, used 190851K [0x00000000e0000000, 0x0000000100000000)
  region size 1024K, 10 young (10240K), 10 survivors (10240K)
 Metaspace       used 133858K, capacity 136249K, committed 137344K, reserved 1177600K
  class space    used 17328K, capacity 18279K, committed 18560K, reserved 1048576K
}

