# JRE version: OpenJDK Runtime Environment (8.0_242-b01) (build 1.8.0_242-release-1644-b01)
# Java VM: OpenJDK 64-Bit Server VM (25.242-b01 mixed mode windows-amd64 compressed oops)
Heap:
 PSYoungGen      total 220672K, used 117506K [0x00000000e0000000, 0x00000000ef280000, 0x0000000100000000)
  eden space 205312K, 49% used [0x00000000e0000000,0x00000000e63c1040,0x00000000ec880000)
  from space 15360K, 99% used [0x00000000ec880000,0x00000000ed77fb48,0x00000000ed780000)
  to   space 16384K, 0% used [0x00000000ed780000,0x00000000ed780000,0x00000000ee780000)
 ParOldGen       total 107008K, used 16149K [0x00000000a0000000, 0x00000000a6880000, 0x00000000e0000000)
  object space 107008K, 15% used [0x00000000a0000000,0x00000000a0fc5568,0x00000000a6880000)
 Metaspace       used 54031K, capacity 56248K, committed 56408K, reserved 1097728K
  class space    used 7209K, capacity 7752K, committed 7808K, reserved 1048576K
GC Heap History (10 events):
Event: 5.634 GC heap before
{Heap before GC invocations=5 (full 1):
 PSYoungGen      total 138240K, used 5104K [0x00000000e0000000, 0x00000000e8c00000, 0x0000000100000000)
  eden space 133120K, 0% used [0x00000000e0000000,0x00000000e0000000,0x00000000e8200000)
  from space 5120K, 99% used [0x00000000e8700000,0x00000000e8bfc040,0x00000000e8c00000)
  to   space 5120K, 0% used [0x00000000e8200000,0x00000000e8200000,0x00000000e8700000)
 ParOldGen       total 87552K, used 10738K [0x00000000a0000000, 0x00000000a5580000, 0x00000000e0000000)
  object space 87552K, 12% used [0x00000000a0000000,0x00000000a0a7c8b8,0x00000000a5580000)
 Metaspace       used 20488K, capacity 21152K, committed 21248K, reserved 1067008K
  class space    used 2858K, capacity 3036K, committed 3072K, reserved 1048576K
Event: 5.690 GC heap after
Heap after GC invocations=5 (full 1):
 PSYoungGen      total 138240K, used 0K [0x00000000e0000000, 0x00000000e8c00000, 0x0000000100000000)
  eden space 133120K, 0% used [0x00000000e0000000,0x00000000e0000000,0x00000000e8200000)
  from space 5120K, 0% used [0x00000000e8700000,0x00000000e8700000,0x00000000e8c00000)
  to   space 5120K, 0% used [0x00000000e8200000,0x00000000e8200000,0x00000000e8700000)
 ParOldGen       total 68608K, used 11394K [0x00000000a0000000, 0x00000000a4300000, 0x00000000e0000000)
  object space 68608K, 16% used [0x00000000a0000000,0x00000000a0b20bc0,0x00000000a4300000)
 Metaspace       used 20488K, capacity 21152K, committed 21248K, reserved 1067008K
  class space    used 2858K, capacity 3036K, committed 3072K, reserved 1048576K
}
Event: 7.897 GC heap before
{Heap before GC invocations=6 (full 1):
 PSYoungGen      total 138240K, used 133120K [0x00000000e0000000, 0x00000000e8c00000, 0x0000000100000000)
  eden space 133120K, 100% used [0x00000000e0000000,0x00000000e8200000,0x00000000e8200000)
  from space 5120K, 0% used [0x00000000e8700000,0x00000000e8700000,0x00000000e8c00000)
  to   space 5120K, 0% used [0x00000000e8200000,0x00000000e8200000,0x00000000e8700000)
 ParOldGen       total 68608K, used 11394K [0x00000000a0000000, 0x00000000a4300000, 0x00000000e0000000)
  object space 68608K, 16% used [0x00000000a0000000,0x00000000a0b20bc0,0x00000000a4300000)
 Metaspace       used 32493K, capacity 33662K, committed 33920K, reserved 1079296K
  class space    used 4403K, capacity 4708K, committed 4736K, reserved 1048576K
Event: 7.926 GC heap after
Heap after GC invocations=6 (full 1):
 PSYoungGen      total 138240K, used 5104K [0x00000000e0000000, 0x00000000ee780000, 0x0000000100000000)
  eden space 133120K, 0% used [0x00000000e0000000,0x00000000e0000000,0x00000000e8200000)
  from space 5120K, 99% used [0x00000000e8200000,0x00000000e86fc010,0x00000000e8700000)
  to   space 16384K, 0% used [0x00000000ed780000,0x00000000ed780000,0x00000000ee780000)
 ParOldGen       total 68608K, used 19233K [0x00000000a0000000, 0x00000000a4300000, 0x00000000e0000000)
  object space 68608K, 28% used [0x00000000a0000000,0x00000000a12c8698,0x00000000a4300000)
 Metaspace       used 32493K, capacity 33662K, committed 33920K, reserved 1079296K
  class space    used 4403K, capacity 4708K, committed 4736K, reserved 1048576K
}
Event: 8.690 GC heap before
{Heap before GC invocations=7 (full 1):
 PSYoungGen      total 138240K, used 43622K [0x00000000e0000000, 0x00000000ee780000, 0x0000000100000000)
  eden space 133120K, 28% used [0x00000000e0000000,0x00000000e259d8c0,0x00000000e8200000)
  from space 5120K, 99% used [0x00000000e8200000,0x00000000e86fc010,0x00000000e8700000)
  to   space 16384K, 0% used [0x00000000ed780000,0x00000000ed780000,0x00000000ee780000)
 ParOldGen       total 68608K, used 19233K [0x00000000a0000000, 0x00000000a4300000, 0x00000000e0000000)
  object space 68608K, 28% used [0x00000000a0000000,0x00000000a12c8698,0x00000000a4300000)
 Metaspace       used 34083K, capacity 35402K, committed 35416K, reserved 1079296K
  class space    used 4613K, capacity 4978K, committed 4992K, reserved 1048576K
Event: 8.717 GC heap after
Heap after GC invocations=7 (full 1):
 PSYoungGen      total 221696K, used 8257K [0x00000000e0000000, 0x00000000ef280000, 0x0000000100000000)
  eden space 205312K, 0% used [0x00000000e0000000,0x00000000e0000000,0x00000000ec880000)
  from space 16384K, 50% used [0x00000000ed780000,0x00000000edf90588,0x00000000ee780000)
  to   space 15360K, 0% used [0x00000000ec880000,0x00000000ec880000,0x00000000ed780000)
 ParOldGen       total 68608K, used 19241K [0x00000000a0000000, 0x00000000a4300000, 0x00000000e0000000)
  object space 68608K, 28% used [0x00000000a0000000,0x00000000a12ca698,0x00000000a4300000)
 Metaspace       used 34083K, capacity 35402K, committed 35416K, reserved 1079296K
  class space    used 4613K, capacity 4978K, committed 4992K, reserved 1048576K
}
Event: 8.717 GC heap before
{Heap before GC invocations=8 (full 2):
 PSYoungGen      total 221696K, used 8257K [0x00000000e0000000, 0x00000000ef280000, 0x0000000100000000)
  eden space 205312K, 0% used [0x00000000e0000000,0x00000000e0000000,0x00000000ec880000)
  from space 16384K, 50% used [0x00000000ed780000,0x00000000edf90588,0x00000000ee780000)
  to   space 15360K, 0% used [0x00000000ec880000,0x00000000ec880000,0x00000000ed780000)
 ParOldGen       total 68608K, used 19241K [0x00000000a0000000, 0x00000000a4300000, 0x00000000e0000000)
  object space 68608K, 28% used [0x00000000a0000000,0x00000000a12ca698,0x00000000a4300000)
 Metaspace       used 34083K, capacity 35402K, committed 35416K, reserved 1079296K
  class space    used 4613K, capacity 4978K, committed 4992K, reserved 1048576K
Event: 8.884 GC heap after
Heap after GC invocations=8 (full 2):
 PSYoungGen      total 221696K, used 0K [0x00000000e0000000, 0x00000000ef280000, 0x0000000100000000)
  eden space 205312K, 0% used [0x00000000e0000000,0x00000000e0000000,0x00000000ec880000)
  from space 16384K, 0% used [0x00000000ed780000,0x00000000ed780000,0x00000000ee780000)
  to   space 15360K, 0% used [0x00000000ec880000,0x00000000ec880000,0x00000000ed780000)
 ParOldGen       total 107008K, used 15048K [0x00000000a0000000, 0x00000000a6880000, 0x00000000e0000000)
  object space 107008K, 14% used [0x00000000a0000000,0x00000000a0eb2210,0x00000000a6880000)
 Metaspace       used 34083K, capacity 35402K, committed 35416K, reserved 1079296K
  class space    used 4613K, capacity 4978K, committed 4992K, reserved 1048576K
}
Event: 25.257 GC heap before
{Heap before GC invocations=9 (full 2):
 PSYoungGen      total 221696K, used 205312K [0x00000000e0000000, 0x00000000ef280000, 0x0000000100000000)
  eden space 205312K, 100% used [0x00000000e0000000,0x00000000ec880000,0x00000000ec880000)
  from space 16384K, 0% used [0x00000000ed780000,0x00000000ed780000,0x00000000ee780000)
  to   space 15360K, 0% used [0x00000000ec880000,0x00000000ec880000,0x00000000ed780000)
 ParOldGen       total 107008K, used 15048K [0x00000000a0000000, 0x00000000a6880000, 0x00000000e0000000)
  object space 107008K, 14% used [0x00000000a0000000,0x00000000a0eb2210,0x00000000a6880000)
 Metaspace       used 44136K, capacity 46316K, committed 46552K, reserved 1089536K
  class space    used 6039K, capacity 6540K, committed 6656K, reserved 1048576K
Event: 25.285 GC heap after
Heap after GC invocations=9 (full 2):
 PSYoungGen      total 220672K, used 15358K [0x00000000e0000000, 0x00000000ef280000, 0x0000000100000000)
  eden space 205312K, 0% used [0x00000000e0000000,0x00000000e0000000,0x00000000ec880000)
  from space 15360K, 99% used [0x00000000ec880000,0x00000000ed77fb48,0x00000000ed780000)
  to   space 16384K, 0% used [0x00000000ed780000,0x00000000ed780000,0x00000000ee780000)
 ParOldGen       total 107008K, used 16149K [0x00000000a0000000, 0x00000000a6880000, 0x00000000e0000000)
  object space 107008K, 15% used [0x00000000a0000000,0x00000000a0fc5568,0x00000000a6880000)
 Metaspace       used 44136K, capacity 46316K, committed 46552K, reserved 1089536K
  class space    used 6039K, capacity 6540K, committed 6656K, reserved 1048576K
}

