# JRE version: OpenJDK Runtime Environment (8.0_242-b01) (build 1.8.0_242-release-1644-b01)
# Java VM: OpenJDK 64-Bit Server VM (25.242-b01 mixed mode windows-amd64 compressed oops)
Heap:
 PSYoungGen      total 208384K, used 59610K [0x00000000d6580000, 0x00000000e4080000, 0x0000000100000000)
  eden space 192512K, 22% used [0x00000000d6580000,0x00000000d90374c0,0x00000000e2180000)
  from space 15872K, 99% used [0x00000000e2180000,0x00000000e30ff5f8,0x00000000e3100000)
  to   space 14336K, 0% used [0x00000000e3180000,0x00000000e3180000,0x00000000e3f80000)
 ParOldGen       total 85504K, used 38562K [0x0000000083000000, 0x0000000088380000, 0x00000000d6580000)
  object space 85504K, 45% used [0x0000000083000000,0x00000000855a8888,0x0000000088380000)
 Metaspace       used 69503K, capacity 72286K, committed 72536K, reserved 1112064K
  class space    used 9113K, capacity 9738K, committed 9856K, reserved 1048576K
GC Heap History (10 events):
Event: 91.646 GC heap before
{Heap before GC invocations=14 (full 2):
 PSYoungGen      total 158208K, used 158203K [0x00000000d6580000, 0x00000000e2600000, 0x0000000100000000)
  eden space 145920K, 100% used [0x00000000d6580000,0x00000000df400000,0x00000000df400000)
  from space 12288K, 99% used [0x00000000df400000,0x00000000dfffec60,0x00000000e0000000)
  to   space 15360K, 0% used [0x00000000e1700000,0x00000000e1700000,0x00000000e2600000)
 ParOldGen       total 85504K, used 18351K [0x0000000083000000, 0x0000000088380000, 0x00000000d6580000)
  object space 85504K, 21% used [0x0000000083000000,0x00000000841ebd80,0x0000000088380000)
 Metaspace       used 50186K, capacity 52272K, committed 52440K, reserved 1095680K
  class space    used 6415K, capacity 6862K, committed 6912K, reserved 1048576K
Event: 91.671 GC heap after
Heap after GC invocations=14 (full 2):
 PSYoungGen      total 182272K, used 7258K [0x00000000d6580000, 0x00000000e2d00000, 0x0000000100000000)
  eden space 166912K, 0% used [0x00000000d6580000,0x00000000d6580000,0x00000000e0880000)
  from space 15360K, 47% used [0x00000000e1700000,0x00000000e1e169f0,0x00000000e2600000)
  to   space 14848K, 0% used [0x00000000e0880000,0x00000000e0880000,0x00000000e1700000)
 ParOldGen       total 85504K, used 24243K [0x0000000083000000, 0x0000000088380000, 0x00000000d6580000)
  object space 85504K, 28% used [0x0000000083000000,0x00000000847acea0,0x0000000088380000)
 Metaspace       used 50186K, capacity 52272K, committed 52440K, reserved 1095680K
  class space    used 6415K, capacity 6862K, committed 6912K, reserved 1048576K
}
Event: 99.000 GC heap before
{Heap before GC invocations=15 (full 2):
 PSYoungGen      total 182272K, used 174170K [0x00000000d6580000, 0x00000000e2d00000, 0x0000000100000000)
  eden space 166912K, 100% used [0x00000000d6580000,0x00000000e0880000,0x00000000e0880000)
  from space 15360K, 47% used [0x00000000e1700000,0x00000000e1e169f0,0x00000000e2600000)
  to   space 14848K, 0% used [0x00000000e0880000,0x00000000e0880000,0x00000000e1700000)
 ParOldGen       total 85504K, used 24243K [0x0000000083000000, 0x0000000088380000, 0x00000000d6580000)
  object space 85504K, 28% used [0x0000000083000000,0x00000000847acea0,0x0000000088380000)
 Metaspace       used 50319K, capacity 52468K, committed 52696K, reserved 1095680K
  class space    used 6421K, capacity 6862K, committed 6912K, reserved 1048576K
Event: 99.012 GC heap after
Heap after GC invocations=15 (full 2):
 PSYoungGen      total 181760K, used 7113K [0x00000000d6580000, 0x00000000e3f80000, 0x0000000100000000)
  eden space 166912K, 0% used [0x00000000d6580000,0x00000000d6580000,0x00000000e0880000)
  from space 14848K, 47% used [0x00000000e0880000,0x00000000e0f727d0,0x00000000e1700000)
  to   space 14336K, 0% used [0x00000000e3180000,0x00000000e3180000,0x00000000e3f80000)
 ParOldGen       total 85504K, used 24315K [0x0000000083000000, 0x0000000088380000, 0x00000000d6580000)
  object space 85504K, 28% used [0x0000000083000000,0x00000000847beeb0,0x0000000088380000)
 Metaspace       used 50319K, capacity 52468K, committed 52696K, reserved 1095680K
  class space    used 6421K, capacity 6862K, committed 6912K, reserved 1048576K
}
Event: 103.317 GC heap before
{Heap before GC invocations=16 (full 2):
 PSYoungGen      total 181760K, used 83662K [0x00000000d6580000, 0x00000000e3f80000, 0x0000000100000000)
  eden space 166912K, 45% used [0x00000000d6580000,0x00000000db0412f0,0x00000000e0880000)
  from space 14848K, 47% used [0x00000000e0880000,0x00000000e0f727d0,0x00000000e1700000)
  to   space 14336K, 0% used [0x00000000e3180000,0x00000000e3180000,0x00000000e3f80000)
 ParOldGen       total 85504K, used 24315K [0x0000000083000000, 0x0000000088380000, 0x00000000d6580000)
  object space 85504K, 28% used [0x0000000083000000,0x00000000847beeb0,0x0000000088380000)
 Metaspace       used 56490K, capacity 58866K, committed 59028K, reserved 1101824K
  class space    used 7175K, capacity 7666K, committed 7680K, reserved 1048576K
Event: 103.336 GC heap after
Heap after GC invocations=16 (full 2):
 PSYoungGen      total 206848K, used 14107K [0x00000000d6580000, 0x00000000e4080000, 0x0000000100000000)
  eden space 192512K, 0% used [0x00000000d6580000,0x00000000d6580000,0x00000000e2180000)
  from space 14336K, 98% used [0x00000000e3180000,0x00000000e3f46df0,0x00000000e3f80000)
  to   space 15872K, 0% used [0x00000000e2180000,0x00000000e2180000,0x00000000e3100000)
 ParOldGen       total 85504K, used 24323K [0x0000000083000000, 0x0000000088380000, 0x00000000d6580000)
  object space 85504K, 28% used [0x0000000083000000,0x00000000847c0eb0,0x0000000088380000)
 Metaspace       used 56490K, capacity 58866K, committed 59028K, reserved 1101824K
  class space    used 7175K, capacity 7666K, committed 7680K, reserved 1048576K
}
Event: 103.336 GC heap before
{Heap before GC invocations=17 (full 3):
 PSYoungGen      total 206848K, used 14107K [0x00000000d6580000, 0x00000000e4080000, 0x0000000100000000)
  eden space 192512K, 0% used [0x00000000d6580000,0x00000000d6580000,0x00000000e2180000)
  from space 14336K, 98% used [0x00000000e3180000,0x00000000e3f46df0,0x00000000e3f80000)
  to   space 15872K, 0% used [0x00000000e2180000,0x00000000e2180000,0x00000000e3100000)
 ParOldGen       total 85504K, used 24323K [0x0000000083000000, 0x0000000088380000, 0x00000000d6580000)
  object space 85504K, 28% used [0x0000000083000000,0x00000000847c0eb0,0x0000000088380000)
 Metaspace       used 56490K, capacity 58866K, committed 59028K, reserved 1101824K
  class space    used 7175K, capacity 7666K, committed 7680K, reserved 1048576K
Event: 103.676 GC heap after
Heap after GC invocations=17 (full 3):
 PSYoungGen      total 206848K, used 0K [0x00000000d6580000, 0x00000000e4080000, 0x0000000100000000)
  eden space 192512K, 0% used [0x00000000d6580000,0x00000000d6580000,0x00000000e2180000)
  from space 14336K, 0% used [0x00000000e3180000,0x00000000e3180000,0x00000000e3f80000)
  to   space 15872K, 0% used [0x00000000e2180000,0x00000000e2180000,0x00000000e3100000)
 ParOldGen       total 85504K, used 31836K [0x0000000083000000, 0x0000000088380000, 0x00000000d6580000)
  object space 85504K, 37% used [0x0000000083000000,0x0000000084f17328,0x0000000088380000)
 Metaspace       used 56325K, capacity 58430K, committed 59028K, reserved 1101824K
  class space    used 7132K, capacity 7591K, committed 7680K, reserved 1048576K
}
Event: 108.634 GC heap before
{Heap before GC invocations=18 (full 3):
 PSYoungGen      total 206848K, used 192512K [0x00000000d6580000, 0x00000000e4080000, 0x0000000100000000)
  eden space 192512K, 100% used [0x00000000d6580000,0x00000000e2180000,0x00000000e2180000)
  from space 14336K, 0% used [0x00000000e3180000,0x00000000e3180000,0x00000000e3f80000)
  to   space 15872K, 0% used [0x00000000e2180000,0x00000000e2180000,0x00000000e3100000)
 ParOldGen       total 85504K, used 31836K [0x0000000083000000, 0x0000000088380000, 0x00000000d6580000)
  object space 85504K, 37% used [0x0000000083000000,0x0000000084f17328,0x0000000088380000)
 Metaspace       used 67263K, capacity 69884K, committed 70104K, reserved 1110016K
  class space    used 8754K, capacity 9346K, committed 9472K, reserved 1048576K
Event: 108.696 GC heap after
Heap after GC invocations=18 (full 3):
 PSYoungGen      total 208384K, used 15869K [0x00000000d6580000, 0x00000000e4080000, 0x0000000100000000)
  eden space 192512K, 0% used [0x00000000d6580000,0x00000000d6580000,0x00000000e2180000)
  from space 15872K, 99% used [0x00000000e2180000,0x00000000e30ff5f8,0x00000000e3100000)
  to   space 14336K, 0% used [0x00000000e3180000,0x00000000e3180000,0x00000000e3f80000)
 ParOldGen       total 85504K, used 38562K [0x0000000083000000, 0x0000000088380000, 0x00000000d6580000)
  object space 85504K, 45% used [0x0000000083000000,0x00000000855a8888,0x0000000088380000)
 Metaspace       used 67263K, capacity 69884K, committed 70104K, reserved 1110016K
  class space    used 8754K, capacity 9346K, committed 9472K, reserved 1048576K
}

