# JRE version: OpenJDK Runtime Environment (11.0.8+10) (build 11.0.8+10-b944.6842174)
# Java VM: OpenJDK 64-Bit Server VM (11.0.8+10-b944.6842174, mixed mode, tiered, compressed oops, g1 gc, windows-amd64)
Heap:
 garbage-first heap   total 524288K, used 376794K [0x00000000e0000000, 0x0000000100000000)
  region size 1024K, 142 young (145408K), 13 survivors (13312K)
 Metaspace       used 154865K, capacity 157798K, committed 158284K, reserved 1187840K
  class space    used 19083K, capacity 20149K, committed 20352K, reserved 1048576K
GC Heap History (20 events):
Event: 2496.786 GC heap before
{Heap before GC invocations=332 (full 1):
 garbage-first heap   total 524288K, used 416345K [0x00000000e0000000, 0x0000000100000000)
  region size 1024K, 233 young (238592K), 2 survivors (2048K)
 Metaspace       used 137044K, capacity 139843K, committed 152396K, reserved 1181696K
  class space    used 15961K, capacity 16991K, committed 20352K, reserved 1048576K
}
Event: 2496.803 GC heap after
{Heap after GC invocations=333 (full 1):
 garbage-first heap   total 524288K, used 180782K [0x00000000e0000000, 0x0000000100000000)
  region size 1024K, 2 young (2048K), 2 survivors (2048K)
 Metaspace       used 137044K, capacity 139843K, committed 152396K, reserved 1181696K
  class space    used 15961K, capacity 16991K, committed 20352K, reserved 1048576K
}
Event: 2498.297 GC heap before
{Heap before GC invocations=333 (full 1):
 garbage-first heap   total 524288K, used 423470K [0x00000000e0000000, 0x0000000100000000)
  region size 1024K, 240 young (245760K), 2 survivors (2048K)
 Metaspace       used 137050K, capacity 139843K, committed 152396K, reserved 1181696K
  class space    used 15961K, capacity 16991K, committed 20352K, reserved 1048576K
}
Event: 2498.308 GC heap after
{Heap after GC invocations=334 (full 1):
 garbage-first heap   total 524288K, used 182273K [0x00000000e0000000, 0x0000000100000000)
  region size 1024K, 4 young (4096K), 4 survivors (4096K)
 Metaspace       used 137050K, capacity 139843K, committed 152396K, reserved 1181696K
  class space    used 15961K, capacity 16991K, committed 20352K, reserved 1048576K
}
Event: 2499.987 GC heap before
{Heap before GC invocations=334 (full 1):
 garbage-first heap   total 524288K, used 428033K [0x00000000e0000000, 0x0000000100000000)
  region size 1024K, 245 young (250880K), 4 survivors (4096K)
 Metaspace       used 137071K, capacity 139846K, committed 152396K, reserved 1181696K
  class space    used 15961K, capacity 16991K, committed 20352K, reserved 1048576K
}
Event: 2500.007 GC heap after
{Heap after GC invocations=335 (full 1):
 garbage-first heap   total 524288K, used 187865K [0x00000000e0000000, 0x0000000100000000)
  region size 1024K, 9 young (9216K), 9 survivors (9216K)
 Metaspace       used 137071K, capacity 139846K, committed 152396K, reserved 1181696K
  class space    used 15961K, capacity 16991K, committed 20352K, reserved 1048576K
}
Event: 2540.209 GC heap before
{Heap before GC invocations=336 (full 1):
 garbage-first heap   total 524288K, used 488119K [0x00000000e0000000, 0x0000000100000000)
  region size 1024K, 250 young (256000K), 9 survivors (9216K)
 Metaspace       used 137241K, capacity 140117K, committed 152396K, reserved 1181696K
  class space    used 15979K, capacity 17041K, committed 20352K, reserved 1048576K
}
Event: 2540.228 GC heap after
{Heap after GC invocations=337 (full 1):
 garbage-first heap   total 524288K, used 179368K [0x00000000e0000000, 0x0000000100000000)
  region size 1024K, 4 young (4096K), 4 survivors (4096K)
 Metaspace       used 137241K, capacity 140117K, committed 152396K, reserved 1181696K
  class space    used 15979K, capacity 17041K, committed 20352K, reserved 1048576K
}
Event: 3140.887 GC heap before
{Heap before GC invocations=337 (full 1):
 garbage-first heap   total 524288K, used 199848K [0x00000000e0000000, 0x0000000100000000)
  region size 1024K, 25 young (25600K), 4 survivors (4096K)
 Metaspace       used 137365K, capacity 140324K, committed 152396K, reserved 1181696K
  class space    used 15999K, capacity 17080K, committed 20352K, reserved 1048576K
}
Event: 3140.923 GC heap after
{Heap after GC invocations=338 (full 1):
 garbage-first heap   total 524288K, used 155573K [0x00000000e0000000, 0x0000000100000000)
  region size 1024K, 4 young (4096K), 4 survivors (4096K)
 Metaspace       used 137365K, capacity 140324K, committed 152396K, reserved 1181696K
  class space    used 15999K, capacity 17080K, committed 20352K, reserved 1048576K
}
Event: 3193.185 GC heap before
{Heap before GC invocations=338 (full 1):
 garbage-first heap   total 524288K, used 424885K [0x00000000e0000000, 0x0000000100000000)
  region size 1024K, 268 young (274432K), 4 survivors (4096K)
 Metaspace       used 137770K, capacity 140757K, committed 152396K, reserved 1181696K
  class space    used 16016K, capacity 17101K, committed 20352K, reserved 1048576K
}
Event: 3193.217 GC heap after
{Heap after GC invocations=339 (full 1):
 garbage-first heap   total 524288K, used 163486K [0x00000000e0000000, 0x0000000100000000)
  region size 1024K, 11 young (11264K), 11 survivors (11264K)
 Metaspace       used 137770K, capacity 140757K, committed 152396K, reserved 1181696K
  class space    used 16016K, capacity 17101K, committed 20352K, reserved 1048576K
}
Event: 3230.850 GC heap before
{Heap before GC invocations=339 (full 1):
 garbage-first heap   total 524288K, used 362142K [0x00000000e0000000, 0x0000000100000000)
  region size 1024K, 207 young (211968K), 11 survivors (11264K)
 Metaspace       used 148321K, capacity 151316K, committed 152396K, reserved 1181696K
  class space    used 18416K, capacity 19510K, committed 20352K, reserved 1048576K
}
Event: 3230.932 GC heap after
{Heap after GC invocations=340 (full 1):
 garbage-first heap   total 524288K, used 180984K [0x00000000e0000000, 0x0000000100000000)
  region size 1024K, 28 young (28672K), 28 survivors (28672K)
 Metaspace       used 148321K, capacity 151316K, committed 152396K, reserved 1181696K
  class space    used 18416K, capacity 19510K, committed 20352K, reserved 1048576K
}
Event: 3240.536 GC heap before
{Heap before GC invocations=341 (full 1):
 garbage-first heap   total 524288K, used 428792K [0x00000000e0000000, 0x0000000100000000)
  region size 1024K, 260 young (266240K), 28 survivors (28672K)
 Metaspace       used 148237K, capacity 151157K, committed 152396K, reserved 1181696K
  class space    used 18398K, capacity 19477K, committed 20352K, reserved 1048576K
}
Event: 3240.695 GC heap after
{Heap after GC invocations=342 (full 1):
 garbage-first heap   total 524288K, used 245052K [0x00000000e0000000, 0x0000000100000000)
  region size 1024K, 33 young (33792K), 33 survivors (33792K)
 Metaspace       used 148237K, capacity 151157K, committed 152396K, reserved 1181696K
  class space    used 18398K, capacity 19477K, committed 20352K, reserved 1048576K
}
Event: 3240.736 GC heap before
{Heap before GC invocations=342 (full 1):
 garbage-first heap   total 524288K, used 246076K [0x00000000e0000000, 0x0000000100000000)
  region size 1024K, 34 young (34816K), 33 survivors (33792K)
 Metaspace       used 148237K, capacity 151157K, committed 152396K, reserved 1181696K
  class space    used 18398K, capacity 19477K, committed 20352K, reserved 1048576K
}
Event: 3240.826 GC heap after
{Heap after GC invocations=343 (full 1):
 garbage-first heap   total 524288K, used 235831K [0x00000000e0000000, 0x0000000100000000)
  region size 1024K, 2 young (2048K), 2 survivors (2048K)
 Metaspace       used 148237K, capacity 151157K, committed 152396K, reserved 1181696K
  class space    used 18398K, capacity 19477K, committed 20352K, reserved 1048576K
}
Event: 3242.687 GC heap before
{Heap before GC invocations=343 (full 1):
 garbage-first heap   total 524288K, used 409911K [0x00000000e0000000, 0x0000000100000000)
  region size 1024K, 172 young (176128K), 2 survivors (2048K)
 Metaspace       used 148978K, capacity 151959K, committed 152908K, reserved 1181696K
  class space    used 18483K, capacity 19591K, committed 20352K, reserved 1048576K
}
Event: 3242.735 GC heap after
{Heap after GC invocations=344 (full 1):
 garbage-first heap   total 524288K, used 246746K [0x00000000e0000000, 0x0000000100000000)
  region size 1024K, 13 young (13312K), 13 survivors (13312K)
 Metaspace       used 148978K, capacity 151959K, committed 152908K, reserved 1181696K
  class space    used 18483K, capacity 19591K, committed 20352K, reserved 1048576K
}

