# JRE version: OpenJDK Runtime Environment (8.0_242-b01) (build 1.8.0_242-release-1644-b01)
# Java VM: OpenJDK 64-Bit Server VM (25.242-b01 mixed mode windows-amd64 compressed oops)
Heap:
 PSYoungGen      total 172544K, used 95830K [0x00000000d6580000, 0x00000000e1d00000, 0x0000000100000000)
  eden space 157184K, 51% used [0x00000000d6580000,0x00000000db41c1c0,0x00000000dff00000)
  from space 15360K, 99% used [0x00000000dff00000,0x00000000e0df9668,0x00000000e0e00000)
  to   space 13824K, 0% used [0x00000000e0f00000,0x00000000e0f00000,0x00000000e1c80000)
 ParOldGen       total 108032K, used 25424K [0x0000000083000000, 0x0000000089980000, 0x00000000d6580000)
  object space 108032K, 23% used [0x0000000083000000,0x00000000848d43b0,0x0000000089980000)
 Metaspace       used 56278K, capacity 58710K, committed 58880K, reserved 1099776K
  class space    used 7513K, capacity 8112K, committed 8192K, reserved 1048576K
GC Heap History (10 events):
Event: 7.453 GC heap before
{Heap before GC invocations=7 (full 1):
 PSYoungGen      total 71680K, used 66560K [0x00000000d6580000, 0x00000000dff80000, 0x0000000100000000)
  eden space 66560K, 100% used [0x00000000d6580000,0x00000000da680000,0x00000000da680000)
  from space 5120K, 0% used [0x00000000da680000,0x00000000da680000,0x00000000dab80000)
  to   space 12288K, 0% used [0x00000000df380000,0x00000000df380000,0x00000000dff80000)
 ParOldGen       total 65536K, used 11116K [0x0000000083000000, 0x0000000087000000, 0x00000000d6580000)
  object space 65536K, 16% used [0x0000000083000000,0x0000000083adb040,0x0000000087000000)
 Metaspace       used 25152K, capacity 26188K, committed 26496K, reserved 1071104K
  class space    used 3602K, capacity 3855K, committed 3968K, reserved 1048576K
Event: 7.463 GC heap after
Heap after GC invocations=7 (full 1):
 PSYoungGen      total 108544K, used 5995K [0x00000000d6580000, 0x00000000df980000, 0x0000000100000000)
  eden space 102400K, 0% used [0x00000000d6580000,0x00000000d6580000,0x00000000dc980000)
  from space 6144K, 97% used [0x00000000df380000,0x00000000df95ac18,0x00000000df980000)
  to   space 11776K, 0% used [0x00000000de280000,0x00000000de280000,0x00000000dee00000)
 ParOldGen       total 65536K, used 11124K [0x0000000083000000, 0x0000000087000000, 0x00000000d6580000)
  object space 65536K, 16% used [0x0000000083000000,0x0000000083add040,0x0000000087000000)
 Metaspace       used 25152K, capacity 26188K, committed 26496K, reserved 1071104K
  class space    used 3602K, capacity 3855K, committed 3968K, reserved 1048576K
}
Event: 9.315 GC heap before
{Heap before GC invocations=8 (full 1):
 PSYoungGen      total 108544K, used 101980K [0x00000000d6580000, 0x00000000df980000, 0x0000000100000000)
  eden space 102400K, 93% used [0x00000000d6580000,0x00000000dc33c6b8,0x00000000dc980000)
  from space 6144K, 97% used [0x00000000df380000,0x00000000df95ac18,0x00000000df980000)
  to   space 11776K, 0% used [0x00000000de280000,0x00000000de280000,0x00000000dee00000)
 ParOldGen       total 65536K, used 11124K [0x0000000083000000, 0x0000000087000000, 0x00000000d6580000)
  object space 65536K, 16% used [0x0000000083000000,0x0000000083add040,0x0000000087000000)
 Metaspace       used 34101K, capacity 35406K, committed 35456K, reserved 1079296K
  class space    used 4614K, capacity 4978K, committed 4992K, reserved 1048576K
Event: 9.347 GC heap after
Heap after GC invocations=8 (full 1):
 PSYoungGen      total 139776K, used 11752K [0x00000000d6580000, 0x00000000e1c80000, 0x0000000100000000)
  eden space 128000K, 0% used [0x00000000d6580000,0x00000000d6580000,0x00000000de280000)
  from space 11776K, 99% used [0x00000000de280000,0x00000000dedfa330,0x00000000dee00000)
  to   space 13824K, 0% used [0x00000000e0f00000,0x00000000e0f00000,0x00000000e1c80000)
 ParOldGen       total 65536K, used 11675K [0x0000000083000000, 0x0000000087000000, 0x00000000d6580000)
  object space 65536K, 17% used [0x0000000083000000,0x0000000083b66d88,0x0000000087000000)
 Metaspace       used 34101K, capacity 35406K, committed 35456K, reserved 1079296K
  class space    used 4614K, capacity 4978K, committed 4992K, reserved 1048576K
}
Event: 9.347 GC heap before
{Heap before GC invocations=9 (full 2):
 PSYoungGen      total 139776K, used 11752K [0x00000000d6580000, 0x00000000e1c80000, 0x0000000100000000)
  eden space 128000K, 0% used [0x00000000d6580000,0x00000000d6580000,0x00000000de280000)
  from space 11776K, 99% used [0x00000000de280000,0x00000000dedfa330,0x00000000dee00000)
  to   space 13824K, 0% used [0x00000000e0f00000,0x00000000e0f00000,0x00000000e1c80000)
 ParOldGen       total 65536K, used 11675K [0x0000000083000000, 0x0000000087000000, 0x00000000d6580000)
  object space 65536K, 17% used [0x0000000083000000,0x0000000083b66d88,0x0000000087000000)
 Metaspace       used 34101K, capacity 35406K, committed 35456K, reserved 1079296K
  class space    used 4614K, capacity 4978K, committed 4992K, reserved 1048576K
Event: 9.557 GC heap after
Heap after GC invocations=9 (full 2):
 PSYoungGen      total 139776K, used 0K [0x00000000d6580000, 0x00000000e1c80000, 0x0000000100000000)
  eden space 128000K, 0% used [0x00000000d6580000,0x00000000d6580000,0x00000000de280000)
  from space 11776K, 0% used [0x00000000de280000,0x00000000de280000,0x00000000dee00000)
  to   space 13824K, 0% used [0x00000000e0f00000,0x00000000e0f00000,0x00000000e1c80000)
 ParOldGen       total 108032K, used 18519K [0x0000000083000000, 0x0000000089980000, 0x00000000d6580000)
  object space 108032K, 17% used [0x0000000083000000,0x0000000084215f08,0x0000000089980000)
 Metaspace       used 34101K, capacity 35406K, committed 35456K, reserved 1079296K
  class space    used 4614K, capacity 4978K, committed 4992K, reserved 1048576K
}
Event: 14.945 GC heap before
{Heap before GC invocations=10 (full 2):
 PSYoungGen      total 139776K, used 128000K [0x00000000d6580000, 0x00000000e1c80000, 0x0000000100000000)
  eden space 128000K, 100% used [0x00000000d6580000,0x00000000de280000,0x00000000de280000)
  from space 11776K, 0% used [0x00000000de280000,0x00000000de280000,0x00000000dee00000)
  to   space 13824K, 0% used [0x00000000e0f00000,0x00000000e0f00000,0x00000000e1c80000)
 ParOldGen       total 108032K, used 18519K [0x0000000083000000, 0x0000000089980000, 0x00000000d6580000)
  object space 108032K, 17% used [0x0000000083000000,0x0000000084215f08,0x0000000089980000)
 Metaspace       used 40954K, capacity 42768K, committed 43008K, reserved 1085440K
  class space    used 5641K, capacity 6109K, committed 6144K, reserved 1048576K
Event: 14.963 GC heap after
Heap after GC invocations=10 (full 2):
 PSYoungGen      total 171008K, used 11967K [0x00000000d6580000, 0x00000000e1d00000, 0x0000000100000000)
  eden space 157184K, 0% used [0x00000000d6580000,0x00000000d6580000,0x00000000dff00000)
  from space 13824K, 86% used [0x00000000e0f00000,0x00000000e1aafeb0,0x00000000e1c80000)
  to   space 15360K, 0% used [0x00000000dff00000,0x00000000dff00000,0x00000000e0e00000)
 ParOldGen       total 108032K, used 18527K [0x0000000083000000, 0x0000000089980000, 0x00000000d6580000)
  object space 108032K, 17% used [0x0000000083000000,0x0000000084217f08,0x0000000089980000)
 Metaspace       used 40954K, capacity 42768K, committed 43008K, reserved 1085440K
  class space    used 5641K, capacity 6109K, committed 6144K, reserved 1048576K
}
Event: 25.716 GC heap before
{Heap before GC invocations=11 (full 2):
 PSYoungGen      total 171008K, used 169151K [0x00000000d6580000, 0x00000000e1d00000, 0x0000000100000000)
  eden space 157184K, 100% used [0x00000000d6580000,0x00000000dff00000,0x00000000dff00000)
  from space 13824K, 86% used [0x00000000e0f00000,0x00000000e1aafeb0,0x00000000e1c80000)
  to   space 15360K, 0% used [0x00000000dff00000,0x00000000dff00000,0x00000000e0e00000)
 ParOldGen       total 108032K, used 18527K [0x0000000083000000, 0x0000000089980000, 0x00000000d6580000)
  object space 108032K, 17% used [0x0000000083000000,0x0000000084217f08,0x0000000089980000)
 Metaspace       used 51940K, capacity 54274K, committed 54400K, reserved 1095680K
  class space    used 6987K, capacity 7543K, committed 7552K, reserved 1048576K
Event: 25.774 GC heap after
Heap after GC invocations=11 (full 2):
 PSYoungGen      total 172544K, used 15333K [0x00000000d6580000, 0x00000000e1d00000, 0x0000000100000000)
  eden space 157184K, 0% used [0x00000000d6580000,0x00000000d6580000,0x00000000dff00000)
  from space 15360K, 99% used [0x00000000dff00000,0x00000000e0df9668,0x00000000e0e00000)
  to   space 13824K, 0% used [0x00000000e0f00000,0x00000000e0f00000,0x00000000e1c80000)
 ParOldGen       total 108032K, used 25424K [0x0000000083000000, 0x0000000089980000, 0x00000000d6580000)
  object space 108032K, 23% used [0x0000000083000000,0x00000000848d43b0,0x0000000089980000)
 Metaspace       used 51940K, capacity 54274K, committed 54400K, reserved 1095680K
  class space    used 6987K, capacity 7543K, committed 7552K, reserved 1048576K
}

