# JRE version: OpenJDK Runtime Environment (8.0_242-b01) (build 1.8.0_242-release-1644-b01)
# Java VM: OpenJDK 64-Bit Server VM (25.242-b01 mixed mode windows-amd64 compressed oops)
Heap:
 PSYoungGen      total 76800K, used 1284K [0x00000000f5580000, 0x00000000fc680000, 0x0000000100000000)
  eden space 66048K, 1% used [0x00000000f5580000,0x00000000f56c12a0,0x00000000f9600000)
  from space 10752K, 0% used [0x00000000f9600000,0x00000000f9600000,0x00000000fa080000)
  to   space 11776K, 0% used [0x00000000fbb00000,0x00000000fbb00000,0x00000000fc680000)
 ParOldGen       total 54272K, used 16672K [0x00000000e0000000, 0x00000000e3500000, 0x00000000f5580000)
  object space 54272K, 30% used [0x00000000e0000000,0x00000000e1048368,0x00000000e3500000)
 Metaspace       used 34360K, capacity 35378K, committed 35712K, reserved 1081344K
  class space    used 4626K, capacity 4874K, committed 4992K, reserved 1048576K
GC Heap History (10 events):
Event: 6.313 GC heap after
Heap after GC invocations=6 (full 0):
 PSYoungGen      total 76288K, used 8608K [0x00000000f5580000, 0x00000000fab80000, 0x0000000100000000)
  eden space 66048K, 0% used [0x00000000f5580000,0x00000000f5580000,0x00000000f9600000)
  from space 10240K, 84% used [0x00000000fa080000,0x00000000fa8e8178,0x00000000faa80000)
  to   space 10752K, 0% used [0x00000000f9600000,0x00000000f9600000,0x00000000fa080000)
 ParOldGen       total 87552K, used 6546K [0x00000000e0000000, 0x00000000e5580000, 0x00000000f5580000)
  object space 87552K, 7% used [0x00000000e0000000,0x00000000e0664858,0x00000000e5580000)
 Metaspace       used 19535K, capacity 20242K, committed 20480K, reserved 1067008K
  class space    used 2777K, capacity 2983K, committed 3072K, reserved 1048576K
}
Event: 6.517 GC heap before
{Heap before GC invocations=7 (full 0):
 PSYoungGen      total 76288K, used 23573K [0x00000000f5580000, 0x00000000fab80000, 0x0000000100000000)
  eden space 66048K, 22% used [0x00000000f5580000,0x00000000f641d378,0x00000000f9600000)
  from space 10240K, 84% used [0x00000000fa080000,0x00000000fa8e8178,0x00000000faa80000)
  to   space 10752K, 0% used [0x00000000f9600000,0x00000000f9600000,0x00000000fa080000)
 ParOldGen       total 87552K, used 6546K [0x00000000e0000000, 0x00000000e5580000, 0x00000000f5580000)
  object space 87552K, 7% used [0x00000000e0000000,0x00000000e0664858,0x00000000e5580000)
 Metaspace       used 20501K, capacity 21206K, committed 21296K, reserved 1067008K
  class space    used 2943K, capacity 3127K, committed 3200K, reserved 1048576K
Event: 6.531 GC heap after
Heap after GC invocations=7 (full 0):
 PSYoungGen      total 76800K, used 5013K [0x00000000f5580000, 0x00000000fab80000, 0x0000000100000000)
  eden space 66048K, 0% used [0x00000000f5580000,0x00000000f5580000,0x00000000f9600000)
  from space 10752K, 46% used [0x00000000f9600000,0x00000000f9ae5570,0x00000000fa080000)
  to   space 10240K, 0% used [0x00000000fa080000,0x00000000fa080000,0x00000000faa80000)
 ParOldGen       total 87552K, used 8954K [0x00000000e0000000, 0x00000000e5580000, 0x00000000f5580000)
  object space 87552K, 10% used [0x00000000e0000000,0x00000000e08be8c8,0x00000000e5580000)
 Metaspace       used 20501K, capacity 21206K, committed 21296K, reserved 1067008K
  class space    used 2943K, capacity 3127K, committed 3200K, reserved 1048576K
}
Event: 6.531 GC heap before
{Heap before GC invocations=8 (full 1):
 PSYoungGen      total 76800K, used 5013K [0x00000000f5580000, 0x00000000fab80000, 0x0000000100000000)
  eden space 66048K, 0% used [0x00000000f5580000,0x00000000f5580000,0x00000000f9600000)
  from space 10752K, 46% used [0x00000000f9600000,0x00000000f9ae5570,0x00000000fa080000)
  to   space 10240K, 0% used [0x00000000fa080000,0x00000000fa080000,0x00000000faa80000)
 ParOldGen       total 87552K, used 8954K [0x00000000e0000000, 0x00000000e5580000, 0x00000000f5580000)
  object space 87552K, 10% used [0x00000000e0000000,0x00000000e08be8c8,0x00000000e5580000)
 Metaspace       used 20501K, capacity 21206K, committed 21296K, reserved 1067008K
  class space    used 2943K, capacity 3127K, committed 3200K, reserved 1048576K
Event: 6.599 GC heap after
Heap after GC invocations=8 (full 1):
 PSYoungGen      total 76800K, used 0K [0x00000000f5580000, 0x00000000fab80000, 0x0000000100000000)
  eden space 66048K, 0% used [0x00000000f5580000,0x00000000f5580000,0x00000000f9600000)
  from space 10752K, 0% used [0x00000000f9600000,0x00000000f9600000,0x00000000fa080000)
  to   space 10240K, 0% used [0x00000000fa080000,0x00000000fa080000,0x00000000faa80000)
 ParOldGen       total 54272K, used 7878K [0x00000000e0000000, 0x00000000e3500000, 0x00000000f5580000)
  object space 54272K, 14% used [0x00000000e0000000,0x00000000e07b1948,0x00000000e3500000)
 Metaspace       used 20501K, capacity 21206K, committed 21296K, reserved 1067008K
  class space    used 2943K, capacity 3127K, committed 3200K, reserved 1048576K
}
Event: 8.308 GC heap before
{Heap before GC invocations=9 (full 1):
 PSYoungGen      total 76800K, used 66048K [0x00000000f5580000, 0x00000000fab80000, 0x0000000100000000)
  eden space 66048K, 100% used [0x00000000f5580000,0x00000000f9600000,0x00000000f9600000)
  from space 10752K, 0% used [0x00000000f9600000,0x00000000f9600000,0x00000000fa080000)
  to   space 10240K, 0% used [0x00000000fa080000,0x00000000fa080000,0x00000000faa80000)
 ParOldGen       total 54272K, used 7878K [0x00000000e0000000, 0x00000000e3500000, 0x00000000f5580000)
  object space 54272K, 14% used [0x00000000e0000000,0x00000000e07b1948,0x00000000e3500000)
 Metaspace       used 28060K, capacity 28898K, committed 29056K, reserved 1075200K
  class space    used 3942K, capacity 4175K, committed 4224K, reserved 1048576K
Event: 8.316 GC heap after
Heap after GC invocations=9 (full 1):
 PSYoungGen      total 76288K, used 7848K [0x00000000f5580000, 0x00000000fab80000, 0x0000000100000000)
  eden space 66048K, 0% used [0x00000000f5580000,0x00000000f5580000,0x00000000f9600000)
  from space 10240K, 76% used [0x00000000fa080000,0x00000000fa82a2b0,0x00000000faa80000)
  to   space 10752K, 0% used [0x00000000f9600000,0x00000000f9600000,0x00000000fa080000)
 ParOldGen       total 54272K, used 7886K [0x00000000e0000000, 0x00000000e3500000, 0x00000000f5580000)
  object space 54272K, 14% used [0x00000000e0000000,0x00000000e07b3948,0x00000000e3500000)
 Metaspace       used 28060K, capacity 28898K, committed 29056K, reserved 1075200K
  class space    used 3942K, capacity 4175K, committed 4224K, reserved 1048576K
}
Event: 9.786 GC heap before
{Heap before GC invocations=10 (full 1):
 PSYoungGen      total 76288K, used 62136K [0x00000000f5580000, 0x00000000fab80000, 0x0000000100000000)
  eden space 66048K, 82% used [0x00000000f5580000,0x00000000f8a83e18,0x00000000f9600000)
  from space 10240K, 76% used [0x00000000fa080000,0x00000000fa82a2b0,0x00000000faa80000)
  to   space 10752K, 0% used [0x00000000f9600000,0x00000000f9600000,0x00000000fa080000)
 ParOldGen       total 54272K, used 7886K [0x00000000e0000000, 0x00000000e3500000, 0x00000000f5580000)
  object space 54272K, 14% used [0x00000000e0000000,0x00000000e07b3948,0x00000000e3500000)
 Metaspace       used 34354K, capacity 35320K, committed 35456K, reserved 1079296K
  class space    used 4627K, capacity 4876K, committed 4992K, reserved 1048576K
Event: 9.803 GC heap after
Heap after GC invocations=10 (full 1):
 PSYoungGen      total 76800K, used 10019K [0x00000000f5580000, 0x00000000fc680000, 0x0000000100000000)
  eden space 66048K, 0% used [0x00000000f5580000,0x00000000f5580000,0x00000000f9600000)
  from space 10752K, 93% used [0x00000000f9600000,0x00000000f9fc8d68,0x00000000fa080000)
  to   space 11776K, 0% used [0x00000000fbb00000,0x00000000fbb00000,0x00000000fc680000)
 ParOldGen       total 54272K, used 7894K [0x00000000e0000000, 0x00000000e3500000, 0x00000000f5580000)
  object space 54272K, 14% used [0x00000000e0000000,0x00000000e07b5948,0x00000000e3500000)
 Metaspace       used 34354K, capacity 35320K, committed 35456K, reserved 1079296K
  class space    used 4627K, capacity 4876K, committed 4992K, reserved 1048576K
}
Event: 9.803 GC heap before
{Heap before GC invocations=11 (full 2):
 PSYoungGen      total 76800K, used 10019K [0x00000000f5580000, 0x00000000fc680000, 0x0000000100000000)
  eden space 66048K, 0% used [0x00000000f5580000,0x00000000f5580000,0x00000000f9600000)
  from space 10752K, 93% used [0x00000000f9600000,0x00000000f9fc8d68,0x00000000fa080000)
  to   space 11776K, 0% used [0x00000000fbb00000,0x00000000fbb00000,0x00000000fc680000)
 ParOldGen       total 54272K, used 7894K [0x00000000e0000000, 0x00000000e3500000, 0x00000000f5580000)
  object space 54272K, 14% used [0x00000000e0000000,0x00000000e07b5948,0x00000000e3500000)
 Metaspace       used 34354K, capacity 35320K, committed 35456K, reserved 1079296K
  class space    used 4627K, capacity 4876K, committed 4992K, reserved 1048576K

